<?xml version="1.0" encoding="UTF-8"?>
<!-- Generated by org.testng.reporters.JUnitXMLReporter -->
<testsuite ignored="0" hostname="Mostafa" failures="0" tests="3" name="Default test" time="27.498" errors="0" timestamp="2022-11-23T12:40:40 BDT">
  <testcase classname="testScenarios.TestMethods_GoogleSearch" name="SearchOperation" time="9.164"/>
  <testcase classname="testScenarios.TestMethods_GoogleSearch" name="VerifyAndAccessFacebook" time="3.96"/>
  <testcase classname="testScenarios.TestMethods_GoogleSearch" name="VerifyLogin" time="12.663"/>
</testsuite> <!-- Default test -->
